###############################################################################
#
# IAR ANSI C/C++ Compiler V8.22.1.15669/W32 for ARM       30/Nov/2021  19:45:50
# Copyright 1999-2018 IAR Systems AB.
#
#    Cpu mode     =  thumb
#    Endian       =  little
#    Source file  =  C:\Users\pnu5\Downloads\project_test\user\main.c
#    Command line =  
#        -f C:\Users\pnu5\AppData\Local\Temp\EWB32.tmp
#        (C:\Users\pnu5\Downloads\project_test\user\main.c -D
#        USE_STDPERIPH_DRIVER -D STM32F10X_CL -lC
#        C:\Users\pnu5\Downloads\project_test\Debug\List -o
#        C:\Users\pnu5\Downloads\project_test\Debug\Obj --no_cse --no_unroll
#        --no_inline --no_code_motion --no_tbaa --no_clustering --no_scheduling
#        --debug --endian=little --cpu=Cortex-M3 -e --fpu=None --dlib_config
#        "C:\Program Files (x86)\IAR Systems\Embedded Workbench
#        8.0\arm\INC\c\DLib_Config_Normal.h" -I
#        C:\Users\pnu5\Downloads\project_test\libraries\CMSIS\DeviceSupport\ -I
#        C:\Users\pnu5\Downloads\project_test\libraries\CMSIS\DeviceSupport\Startup\
#        -I
#        C:\Users\pnu5\Downloads\project_test\libraries\STM32F10x_StdPeriph_Driver_v3.5\inc\
#        -I
#        C:\Users\pnu5\Downloads\project_test\libraries\STM32F10x_StdPeriph_Driver_v3.5\src\
#        -I C:\Users\pnu5\Downloads\project_test\user\ -I
#        C:\Users\pnu5\Downloads\project_test\libraries\LCD\ -I
#        C:\Users\pnu5\Downloads\project_test\libraries\Term\ -I
#        C:\Users\pnu5\Downloads\project_test\user\inc\ -Ol -I "C:\Program
#        Files (x86)\IAR Systems\Embedded Workbench
#        8.0\arm\CMSIS\Core\Include\" -I "C:\Program Files (x86)\IAR
#        Systems\Embedded Workbench 8.0\arm\CMSIS\DSP\Include\")
#    Locale       =  C
#    List file    =  C:\Users\pnu5\Downloads\project_test\Debug\List\main.lst
#    Object file  =  C:\Users\pnu5\Downloads\project_test\Debug\Obj\main.o
#
###############################################################################

C:\Users\pnu5\Downloads\project_test\user\main.c
      1          #include "stm32f10x.h"
      2          #include "stm32f10x_gpio.h"
      3          #include "stm32f10x_rcc.h"
      4          #include "stm32f10x_usart.h"
      5          #include "stm32f10x_adc.h"
      6          #include "stm32f10x_dma.h"
      7          #include "core_cm3.h"
      8          #include "misc.h"
      9          #include "lcd.h"
     10          #include "touch.h"
     11          #include "adc_dma.h"
     12          #include "waterpump.h"
     13          #include "motor.h"
     14          #include "usart.h"
     15          
     16          #include <stdio.h>
     17          

   \                                 In section .data, align 4
     18          int color[12] = {WHITE,CYAN,BLUE,RED,MAGENTA,LGRAY,GREEN,YELLOW,BROWN,BRRED,GRAY};
   \                     color:
   \   00000000   0x0000FFFF         DC32 65535, 32767, 31, 63488, 63519, 50712, 2016, 65504, 48192, 64519
   \              0x00007FFF   
   \              0x0000001F   
   \              0x0000F800   
   \              0x0000F81F   
   \              0x0000C618   
   \              0x000007E0   
   \              0x0000FFE0   
   \              0x0000BC40   
   \              0x0000FC07   
   \   00000028   0x00008430         DC32 33840
   \   0000002C   0x00 0x00          DC8 0, 0, 0, 0
   \              0x00 0x00    
     19          //@@@@ 0.0789@@@ @@
     20          extern volatile uint16_t ADC_values[8]; // 0 @@@@, 1 @@@@@@, 2 @@@@

   \                                 In section .bss, align 4
     21          int control_values[3];  // 0 Auto, 1 On, 2 Off
   \                     control_values:
   \   00000000                      DS8 12

   \                                 In section .data, align 4
     22          char control_str[3][10] = {"Auto", "On  ", "Off "};
   \                     control_str:
   \   00000000   0x41 0x75          DC8 "Auto"
   \              0x74 0x6F    
   \              0x00         
   \   00000005   0x00 0x00          DC8 0, 0, 0, 0, 0
   \              0x00 0x00    
   \              0x00         
   \   0000000A   0x4F 0x6E          DC8 "On  "
   \              0x20 0x20    
   \              0x00         
   \   0000000F   0x00 0x00          DC8 0, 0, 0, 0, 0
   \              0x00 0x00    
   \              0x00         
   \   00000014   0x4F 0x66          DC8 "Off "
   \              0x66 0x20    
   \              0x00         
   \   00000019   0x00 0x00          DC8 0, 0, 0, 0, 0, 0, 0
   \              0x00 0x00    
   \              0x00 0x00    
   \              0x00         

   \                                 In section .bss, align 2
     23          uint16_t posX, posY, conX, conY;
   \                     posX:
   \   00000000                      DS8 2

   \                                 In section .bss, align 2
   \                     posY:
   \   00000000                      DS8 2

   \                                 In section .bss, align 2
   \                     conX:
   \   00000000                      DS8 2

   \                                 In section .bss, align 2
   \                     conY:
   \   00000000                      DS8 2

   \                                 In section .bss, align 4
     24          int light, humidity;  
   \                     light:
   \   00000000                      DS8 4

   \                                 In section .bss, align 4
   \                     humidity:
   \   00000000                      DS8 4

   \                                 In section .bss, align 4
     25          char temperature[10];
   \                     temperature:
   \   00000000                      DS8 12
     26          
     27          
     28          
     29          
     30          // @@ @@ @@@ @@ @@

   \                                 In section .text, align 2, keep-with-next
     31          void Init() {
   \                     Init: (+1)
   \   00000000   0xB580             PUSH     {R7,LR}
     32            adc_dma_init();
   \   00000002   0x.... 0x....      BL       adc_dma_init
     33            led_init();
                   ^
Warning[Pe223]: function "led_init" declared implicitly
   \   00000006   0x.... 0x....      BL       led_init
     34            waterpump_init();
   \   0000000A   0x.... 0x....      BL       waterpump_init
     35            motor_init();
   \   0000000E   0x.... 0x....      BL       motor_init
     36            usart_init();
   \   00000012   0x.... 0x....      BL       usart_init
     37            
     38            LCD_Init();
   \   00000016   0x.... 0x....      BL       LCD_Init
     39            Touch_Configuration();
   \   0000001A   0x.... 0x....      BL       Touch_Configuration
     40            Touch_Adjust();
   \   0000001E   0x.... 0x....      BL       Touch_Adjust
     41            LCD_Clear(WHITE);
   \   00000022   0xF64F 0x70FF      MOVW     R0,#+65535
   \   00000026   0x.... 0x....      BL       LCD_Clear
     42          
     43          }
   \   0000002A   0xBD01             POP      {R0,PC}          ;; return
     44          

   \                                 In section .text, align 2, keep-with-next
     45          void Delay(void) {
     46            int i;  
     47            for (i = 0; i < 1000000; i++) {}
   \                     Delay: (+1)
   \   00000000   0x2000             MOVS     R0,#+0
   \   00000002   0xE000             B.N      ??Delay_0
   \                     ??Delay_1: (+1)
   \   00000004   0x1C40             ADDS     R0,R0,#+1
   \                     ??Delay_0: (+1)
   \   00000006   0x....             LDR.N    R1,??DataTable2_1  ;; 0xf4240
   \   00000008   0x4288             CMP      R0,R1
   \   0000000A   0xDBFB             BLT.N    ??Delay_1
     48          }
   \   0000000C   0x4770             BX       LR               ;; return
     49          

   \                                 In section .text, align 2, keep-with-next
     50          int main(void)
     51          {  
   \                     main: (+1)
   \   00000000   0xB5E0             PUSH     {R5-R7,LR}
     52            SystemInit();  
   \   00000002   0x.... 0x....      BL       SystemInit
     53            Init();
   \   00000006   0x.... 0x....      BL       Init
     54            
     55            LCD_ShowString(20, 50, "[ Smart Flowerpot ]", BLACK, WHITE);
   \   0000000A   0xF64F 0x70FF      MOVW     R0,#+65535
   \   0000000E   0x9000             STR      R0,[SP, #+0]
   \   00000010   0x2300             MOVS     R3,#+0
   \   00000012   0x....             LDR.N    R2,??DataTable2_2
   \   00000014   0x2132             MOVS     R1,#+50
   \   00000016   0x2014             MOVS     R0,#+20
   \   00000018   0x.... 0x....      BL       LCD_ShowString
     56            LCD_ShowString(20, 70, "Light:", BLACK, WHITE);
   \   0000001C   0xF64F 0x70FF      MOVW     R0,#+65535
   \   00000020   0x9000             STR      R0,[SP, #+0]
   \   00000022   0x2300             MOVS     R3,#+0
   \   00000024   0x....             LDR.N    R2,??DataTable2_3
   \   00000026   0x2146             MOVS     R1,#+70
   \   00000028   0x2014             MOVS     R0,#+20
   \   0000002A   0x.... 0x....      BL       LCD_ShowString
     57            LCD_ShowString(20, 90, "Temperature:", BLACK, WHITE);
   \   0000002E   0xF64F 0x70FF      MOVW     R0,#+65535
   \   00000032   0x9000             STR      R0,[SP, #+0]
   \   00000034   0x2300             MOVS     R3,#+0
   \   00000036   0x....             LDR.N    R2,??DataTable2_4
   \   00000038   0x215A             MOVS     R1,#+90
   \   0000003A   0x2014             MOVS     R0,#+20
   \   0000003C   0x.... 0x....      BL       LCD_ShowString
     58            LCD_ShowString(20, 110, "Humidity:", BLACK, WHITE);
   \   00000040   0xF64F 0x70FF      MOVW     R0,#+65535
   \   00000044   0x9000             STR      R0,[SP, #+0]
   \   00000046   0x2300             MOVS     R3,#+0
   \   00000048   0x....             LDR.N    R2,??DataTable2_5
   \   0000004A   0x216E             MOVS     R1,#+110
   \   0000004C   0x2014             MOVS     R0,#+20
   \   0000004E   0x.... 0x....      BL       LCD_ShowString
     59            
     60            
     61            LCD_ShowString(30, 205, "LED", BLACK, WHITE);
   \   00000052   0xF64F 0x70FF      MOVW     R0,#+65535
   \   00000056   0x9000             STR      R0,[SP, #+0]
   \   00000058   0x2300             MOVS     R3,#+0
   \   0000005A   0x....             ADR.N    R2,??DataTable2  ;; "LED"
   \   0000005C   0x21CD             MOVS     R1,#+205
   \   0000005E   0x201E             MOVS     R0,#+30
   \   00000060   0x.... 0x....      BL       LCD_ShowString
     62            LCD_DrawRectangle(20, 200, 120, 230);  
   \   00000064   0x23E6             MOVS     R3,#+230
   \   00000066   0x2278             MOVS     R2,#+120
   \   00000068   0x21C8             MOVS     R1,#+200
   \   0000006A   0x2014             MOVS     R0,#+20
   \   0000006C   0x.... 0x....      BL       LCD_DrawRectangle
     63            LCD_ShowString(30, 245, "WindMotor", BLACK, WHITE);
   \   00000070   0xF64F 0x70FF      MOVW     R0,#+65535
   \   00000074   0x9000             STR      R0,[SP, #+0]
   \   00000076   0x2300             MOVS     R3,#+0
   \   00000078   0x....             LDR.N    R2,??DataTable2_6
   \   0000007A   0x21F5             MOVS     R1,#+245
   \   0000007C   0x201E             MOVS     R0,#+30
   \   0000007E   0x.... 0x....      BL       LCD_ShowString
     64            LCD_DrawRectangle(20, 240, 120, 270);  
   \   00000082   0xF44F 0x7387      MOV      R3,#+270
   \   00000086   0x2278             MOVS     R2,#+120
   \   00000088   0x21F0             MOVS     R1,#+240
   \   0000008A   0x2014             MOVS     R0,#+20
   \   0000008C   0x.... 0x....      BL       LCD_DrawRectangle
     65            LCD_ShowString(30, 285, "WaterPump", BLACK, WHITE);
   \   00000090   0xF64F 0x70FF      MOVW     R0,#+65535
   \   00000094   0x9000             STR      R0,[SP, #+0]
   \   00000096   0x2300             MOVS     R3,#+0
   \   00000098   0x....             LDR.N    R2,??DataTable2_7
   \   0000009A   0xF240 0x111D      MOVW     R1,#+285
   \   0000009E   0x201E             MOVS     R0,#+30
   \   000000A0   0x.... 0x....      BL       LCD_ShowString
     66            LCD_DrawRectangle(20, 280, 120, 310);
   \   000000A4   0xF44F 0x739B      MOV      R3,#+310
   \   000000A8   0x2278             MOVS     R2,#+120
   \   000000AA   0xF44F 0x718C      MOV      R1,#+280
   \   000000AE   0x2014             MOVS     R0,#+20
   \   000000B0   0x.... 0x....      BL       LCD_DrawRectangle
   \   000000B4   0xE036             B.N      ??main_0
     67            
     68            
     69            while (1) {
     70               // ADC@ @@
     71               light = 100.0 - ((float)ADC_values[0] - 3900.0) *100.0 / 180.0; // min 3900, max 4080     
                            ^
Warning[Pa093]: implicit conversion from floating point to integer
     72               humidity = (float)ADC_values[1]  * 100.0 / 4000.0; // min 0, max 4000     
                               ^
Warning[Pa093]: implicit conversion from floating point to integer
     73               sprintf(temperature, "%.1f", ADC_values[2] * 0.0789);
     74          
     75               // @@@@@ @@@@ @@ @@@ led @@@
     76                led_control(control_values[0], light);    
                       ^
Warning[Pe223]: function "led_control" declared implicitly
     77              
     78              
     79              // TFT-LCD        
     80              LCD_ShowNum(60, 70, light, 4, BLACK, WHITE);
     81              LCD_ShowString(120, 90, temperature, BLACK, WHITE);
                                             ^
Warning[Pe167]: argument of type "char *" is incompatible with parameter of
          type "u8 *"
     82              LCD_ShowNum(100, 110, humidity, 4, BLACK, WHITE);
     83              
     84              LCD_ShowString(135, 205, control_str[control_values[0]], BLACK, WHITE);
                                              ^
Warning[Pe167]: argument of type "char *" is incompatible with parameter of
          type "u8 *"
     85              LCD_ShowString(135, 245, control_str[control_values[1]], BLACK, WHITE);
                                              ^
Warning[Pe167]: argument of type "char *" is incompatible with parameter of
          type "u8 *"
     86              LCD_ShowString(135, 285, control_str[control_values[2]], BLACK, WHITE);
                                              ^
Warning[Pe167]: argument of type "char *" is incompatible with parameter of
          type "u8 *"
     87              
     88              if (!T_INT) {       
     89                Touch_GetXY(&posX, &posY, 0); 
     90                Convert_Pos(posX, posY,&conX,&conY);      
     91                if ((20 <= conX && conX <= 120) && (200 <= conY && conY <= 230)) { control_values[0] = (control_values[0] + 1) % 3; }
     92                else if ((20 <= conX && conX <= 120) && (240 <= conY && conY <= 270)) { control_values[1] = (control_values[1] + 1) % 3; }
     93                else if ((20 <= conX && conX <= 120) && (280 <= conY && conY <= 310)) { control_values[2] = (control_values[2] + 1) % 3; }      
   \                     ??main_1: (+1)
   \   000000B6   0x....             LDR.N    R0,??DataTable2_8
   \   000000B8   0x8800             LDRH     R0,[R0, #+0]
   \   000000BA   0x3814             SUBS     R0,R0,#+20
   \   000000BC   0x2865             CMP      R0,#+101
   \   000000BE   0xD224             BCS.N    ??main_2
   \   000000C0   0x....             LDR.N    R0,??DataTable2_9
   \   000000C2   0x8800             LDRH     R0,[R0, #+0]
   \   000000C4   0xF5B0 0x708C      SUBS     R0,R0,#+280
   \   000000C8   0x281F             CMP      R0,#+31
   \   000000CA   0xD21E             BCS.N    ??main_2
   \   000000CC   0x....             LDR.N    R0,??DataTable2_10
   \   000000CE   0x6880             LDR      R0,[R0, #+8]
   \   000000D0   0x1C40             ADDS     R0,R0,#+1
   \   000000D2   0x2103             MOVS     R1,#+3
   \   000000D4   0xFB90 0xF2F1      SDIV     R2,R0,R1
   \   000000D8   0xFB01 0x0012      MLS      R0,R1,R2,R0
   \   000000DC   0x....             LDR.N    R1,??DataTable2_10
   \   000000DE   0x6088             STR      R0,[R1, #+8]
   \   000000E0   0xE013             B.N      ??main_2
   \                     ??main_3: (+1)
   \   000000E2   0x....             LDR.N    R0,??DataTable2_8
   \   000000E4   0x8800             LDRH     R0,[R0, #+0]
   \   000000E6   0x3814             SUBS     R0,R0,#+20
   \   000000E8   0x2865             CMP      R0,#+101
   \   000000EA   0xD2E4             BCS.N    ??main_1
   \   000000EC   0x....             LDR.N    R0,??DataTable2_9
   \   000000EE   0x8800             LDRH     R0,[R0, #+0]
   \   000000F0   0x38F0             SUBS     R0,R0,#+240
   \   000000F2   0x281F             CMP      R0,#+31
   \   000000F4   0xD2DF             BCS.N    ??main_1
   \   000000F6   0x....             LDR.N    R0,??DataTable2_10
   \   000000F8   0x6840             LDR      R0,[R0, #+4]
   \   000000FA   0x1C40             ADDS     R0,R0,#+1
   \   000000FC   0x2103             MOVS     R1,#+3
   \   000000FE   0xFB90 0xF2F1      SDIV     R2,R0,R1
   \   00000102   0xFB01 0x0012      MLS      R0,R1,R2,R0
   \   00000106   0x....             LDR.N    R1,??DataTable2_10
   \   00000108   0x6048             STR      R0,[R1, #+4]
     94              }
     95              
     96              printf("%d %d %d\n", ADC_values[0], ADC_values[1], ADC_values[2]);
   \                     ??main_2: (+1)
   \   0000010A   0x....             LDR.N    R0,??DataTable2_11
   \   0000010C   0x8883             LDRH     R3,[R0, #+4]
   \   0000010E   0x....             LDR.N    R0,??DataTable2_11
   \   00000110   0x8842             LDRH     R2,[R0, #+2]
   \   00000112   0xB29B             UXTH     R3,R3            ;; ZeroExt  R3,R3,#+16,#+16
   \   00000114   0xB292             UXTH     R2,R2            ;; ZeroExt  R2,R2,#+16,#+16
   \   00000116   0x....             LDR.N    R0,??DataTable2_11
   \   00000118   0x8801             LDRH     R1,[R0, #+0]
   \   0000011A   0x....             LDR.N    R0,??DataTable2_12
   \   0000011C   0x.... 0x....      BL       printf
     97              Delay();    
   \   00000120   0x.... 0x....      BL       Delay
   \                     ??main_0: (+1)
   \   00000124   0x....             LDR.N    R0,??DataTable2_11
   \   00000126   0x8800             LDRH     R0,[R0, #+0]
   \   00000128   0x.... 0x....      BL       __aeabi_ui2f
   \   0000012C   0x.... 0x....      BL       __aeabi_f2d
   \   00000130   0x2200             MOVS     R2,#+0
   \   00000132   0x....             LDR.N    R3,??DataTable2_13  ;; 0xc0ae7800
   \   00000134   0x.... 0x....      BL       __aeabi_dadd
   \   00000138   0x2200             MOVS     R2,#+0
   \   0000013A   0x....             LDR.N    R3,??DataTable2_14  ;; 0x40590000
   \   0000013C   0x.... 0x....      BL       __aeabi_dmul
   \   00000140   0x2200             MOVS     R2,#+0
   \   00000142   0x....             LDR.N    R3,??DataTable2_15  ;; 0x40668000
   \   00000144   0x.... 0x....      BL       __aeabi_ddiv
   \   00000148   0x0002             MOVS     R2,R0
   \   0000014A   0x000B             MOVS     R3,R1
   \   0000014C   0x2000             MOVS     R0,#+0
   \   0000014E   0x....             LDR.N    R1,??DataTable2_14  ;; 0x40590000
   \   00000150   0x.... 0x....      BL       __aeabi_dsub
   \   00000154   0x.... 0x....      BL       __aeabi_d2iz
   \   00000158   0x....             LDR.N    R1,??DataTable2_16
   \   0000015A   0x6008             STR      R0,[R1, #+0]
   \   0000015C   0x....             LDR.N    R0,??DataTable2_11
   \   0000015E   0x8840             LDRH     R0,[R0, #+2]
   \   00000160   0x.... 0x....      BL       __aeabi_ui2f
   \   00000164   0x.... 0x....      BL       __aeabi_f2d
   \   00000168   0x2200             MOVS     R2,#+0
   \   0000016A   0x....             LDR.N    R3,??DataTable2_14  ;; 0x40590000
   \   0000016C   0x.... 0x....      BL       __aeabi_dmul
   \   00000170   0x2200             MOVS     R2,#+0
   \   00000172   0x....             LDR.N    R3,??DataTable2_17  ;; 0x40af4000
   \   00000174   0x.... 0x....      BL       __aeabi_ddiv
   \   00000178   0x.... 0x....      BL       __aeabi_d2iz
   \   0000017C   0x....             LDR.N    R1,??DataTable2_18
   \   0000017E   0x6008             STR      R0,[R1, #+0]
   \   00000180   0x....             LDR.N    R0,??DataTable2_11
   \   00000182   0x8880             LDRH     R0,[R0, #+4]
   \   00000184   0x.... 0x....      BL       __aeabi_ui2d
   \   00000188   0x....             LDR.N    R2,??DataTable2_19  ;; 0x57a786c2
   \   0000018A   0x....             LDR.N    R3,??DataTable2_20  ;; 0x3fb432ca
   \   0000018C   0x.... 0x....      BL       __aeabi_dmul
   \   00000190   0x0002             MOVS     R2,R0
   \   00000192   0x000B             MOVS     R3,R1
   \   00000194   0x....             LDR.N    R1,??DataTable2_21
   \   00000196   0x....             LDR.N    R0,??DataTable2_22
   \   00000198   0x.... 0x....      BL       sprintf
   \   0000019C   0x....             LDR.N    R0,??DataTable2_16
   \   0000019E   0x6801             LDR      R1,[R0, #+0]
   \   000001A0   0x....             LDR.N    R0,??DataTable2_10
   \   000001A2   0x6800             LDR      R0,[R0, #+0]
   \   000001A4   0x.... 0x....      BL       led_control
   \   000001A8   0xF64F 0x70FF      MOVW     R0,#+65535
   \   000001AC   0x9001             STR      R0,[SP, #+4]
   \   000001AE   0x2000             MOVS     R0,#+0
   \   000001B0   0x9000             STR      R0,[SP, #+0]
   \   000001B2   0x2304             MOVS     R3,#+4
   \   000001B4   0x....             LDR.N    R0,??DataTable2_16
   \   000001B6   0x6802             LDR      R2,[R0, #+0]
   \   000001B8   0x2146             MOVS     R1,#+70
   \   000001BA   0x203C             MOVS     R0,#+60
   \   000001BC   0x.... 0x....      BL       LCD_ShowNum
   \   000001C0   0xF64F 0x70FF      MOVW     R0,#+65535
   \   000001C4   0x9000             STR      R0,[SP, #+0]
   \   000001C6   0x2300             MOVS     R3,#+0
   \   000001C8   0x....             LDR.N    R2,??DataTable2_22
   \   000001CA   0x215A             MOVS     R1,#+90
   \   000001CC   0x2078             MOVS     R0,#+120
   \   000001CE   0x.... 0x....      BL       LCD_ShowString
   \   000001D2   0xF64F 0x70FF      MOVW     R0,#+65535
   \   000001D6   0x9001             STR      R0,[SP, #+4]
   \   000001D8   0x2000             MOVS     R0,#+0
   \   000001DA   0x9000             STR      R0,[SP, #+0]
   \   000001DC   0x2304             MOVS     R3,#+4
   \   000001DE   0x....             LDR.N    R0,??DataTable2_18
   \   000001E0   0x6802             LDR      R2,[R0, #+0]
   \   000001E2   0x216E             MOVS     R1,#+110
   \   000001E4   0x2064             MOVS     R0,#+100
   \   000001E6   0x.... 0x....      BL       LCD_ShowNum
   \   000001EA   0xF64F 0x70FF      MOVW     R0,#+65535
   \   000001EE   0x9000             STR      R0,[SP, #+0]
   \   000001F0   0x2300             MOVS     R3,#+0
   \   000001F2   0x....             LDR.N    R1,??DataTable2_23
   \   000001F4   0x....             LDR.N    R0,??DataTable2_10
   \   000001F6   0x6802             LDR      R2,[R0, #+0]
   \   000001F8   0x200A             MOVS     R0,#+10
   \   000001FA   0x4342             MULS     R2,R0,R2
   \   000001FC   0x440A             ADD      R2,R1,R2
   \   000001FE   0x21CD             MOVS     R1,#+205
   \   00000200   0x2087             MOVS     R0,#+135
   \   00000202   0x.... 0x....      BL       LCD_ShowString
   \   00000206   0xF64F 0x70FF      MOVW     R0,#+65535
   \   0000020A   0x9000             STR      R0,[SP, #+0]
   \   0000020C   0x2300             MOVS     R3,#+0
   \   0000020E   0x....             LDR.N    R1,??DataTable2_23
   \   00000210   0x....             LDR.N    R0,??DataTable2_10
   \   00000212   0x6842             LDR      R2,[R0, #+4]
   \   00000214   0x200A             MOVS     R0,#+10
   \   00000216   0x4342             MULS     R2,R0,R2
   \   00000218   0x440A             ADD      R2,R1,R2
   \   0000021A   0x21F5             MOVS     R1,#+245
   \   0000021C   0x2087             MOVS     R0,#+135
   \   0000021E   0x.... 0x....      BL       LCD_ShowString
   \   00000222   0xF64F 0x70FF      MOVW     R0,#+65535
   \   00000226   0x9000             STR      R0,[SP, #+0]
   \   00000228   0x2300             MOVS     R3,#+0
   \   0000022A   0x....             LDR.N    R1,??DataTable2_23
   \   0000022C   0x....             LDR.N    R0,??DataTable2_10
   \   0000022E   0x6882             LDR      R2,[R0, #+8]
   \   00000230   0x200A             MOVS     R0,#+10
   \   00000232   0x4342             MULS     R2,R0,R2
   \   00000234   0x440A             ADD      R2,R1,R2
   \   00000236   0xF240 0x111D      MOVW     R1,#+285
   \   0000023A   0x2087             MOVS     R0,#+135
   \   0000023C   0x.... 0x....      BL       LCD_ShowString
   \   00000240   0x....             LDR.N    R0,??DataTable2_24  ;; 0x40011008
   \   00000242   0x6800             LDR      R0,[R0, #+0]
   \   00000244   0xF3C0 0x1040      UBFX     R0,R0,#+5,#+1
   \   00000248   0x2800             CMP      R0,#+0
   \   0000024A   0xF47F 0xAF5E      BNE.W    ??main_2
   \   0000024E   0x2200             MOVS     R2,#+0
   \   00000250   0x....             LDR.N    R1,??DataTable2_25
   \   00000252   0x....             LDR.N    R0,??DataTable2_26
   \   00000254   0x.... 0x....      BL       Touch_GetXY
   \   00000258   0x....             LDR.N    R3,??DataTable2_9
   \   0000025A   0x....             LDR.N    R2,??DataTable2_8
   \   0000025C   0x....             LDR.N    R0,??DataTable2_25
   \   0000025E   0x8801             LDRH     R1,[R0, #+0]
   \   00000260   0x....             LDR.N    R0,??DataTable2_26
   \   00000262   0x8800             LDRH     R0,[R0, #+0]
   \   00000264   0x.... 0x....      BL       Convert_Pos
   \   00000268   0x....             LDR.N    R0,??DataTable2_8
   \   0000026A   0x8800             LDRH     R0,[R0, #+0]
   \   0000026C   0x3814             SUBS     R0,R0,#+20
   \   0000026E   0x2865             CMP      R0,#+101
   \   00000270   0xF4BF 0xAF37      BCS.W    ??main_3
   \   00000274   0x....             LDR.N    R0,??DataTable2_9
   \   00000276   0x8800             LDRH     R0,[R0, #+0]
   \   00000278   0x38C8             SUBS     R0,R0,#+200
   \   0000027A   0x281F             CMP      R0,#+31
   \   0000027C   0xF4BF 0xAF31      BCS.W    ??main_3
   \   00000280   0x....             LDR.N    R0,??DataTable2_10
   \   00000282   0x6800             LDR      R0,[R0, #+0]
   \   00000284   0x1C40             ADDS     R0,R0,#+1
   \   00000286   0x2103             MOVS     R1,#+3
   \   00000288   0xFB90 0xF2F1      SDIV     R2,R0,R1
   \   0000028C   0xFB01 0x0012      MLS      R0,R1,R2,R0
   \   00000290   0x....             LDR.N    R1,??DataTable2_10
   \   00000292   0x6008             STR      R0,[R1, #+0]
   \   00000294   0xE739             B.N      ??main_2
     98            }  
     99            return 0;
                   ^
Warning[Pe111]: statement is unreachable

      printf("%d %d %d\n", ADC_values[0], ADC_values[1], ADC_values[2]);
      ^
"C:\Users\pnu5\Downloads\project_test\user\main.c",96  Warning[Pa082]: 
          undefined behavior: the order of volatile accesses is undefined in
          this statement
    100          }

   \                                 In section .text, align 4, keep-with-next
   \                     ??DataTable2:
   \   00000000   0x4C 0x45          DC8      "LED"
   \              0x44 0x00    

   \                                 In section .text, align 4, keep-with-next
   \                     ??DataTable2_1:
   \   00000000   0x000F4240         DC32     0xf4240

   \                                 In section .text, align 4, keep-with-next
   \                     ??DataTable2_2:
   \   00000000   0x........         DC32     ?_0

   \                                 In section .text, align 4, keep-with-next
   \                     ??DataTable2_3:
   \   00000000   0x........         DC32     ?_1

   \                                 In section .text, align 4, keep-with-next
   \                     ??DataTable2_4:
   \   00000000   0x........         DC32     ?_2

   \                                 In section .text, align 4, keep-with-next
   \                     ??DataTable2_5:
   \   00000000   0x........         DC32     ?_3

   \                                 In section .text, align 4, keep-with-next
   \                     ??DataTable2_6:
   \   00000000   0x........         DC32     ?_5

   \                                 In section .text, align 4, keep-with-next
   \                     ??DataTable2_7:
   \   00000000   0x........         DC32     ?_6

   \                                 In section .text, align 4, keep-with-next
   \                     ??DataTable2_8:
   \   00000000   0x........         DC32     conX

   \                                 In section .text, align 4, keep-with-next
   \                     ??DataTable2_9:
   \   00000000   0x........         DC32     conY

   \                                 In section .text, align 4, keep-with-next
   \                     ??DataTable2_10:
   \   00000000   0x........         DC32     control_values

   \                                 In section .text, align 4, keep-with-next
   \                     ??DataTable2_11:
   \   00000000   0x........         DC32     ADC_values

   \                                 In section .text, align 4, keep-with-next
   \                     ??DataTable2_12:
   \   00000000   0x........         DC32     ?_8

   \                                 In section .text, align 4, keep-with-next
   \                     ??DataTable2_13:
   \   00000000   0xC0AE7800         DC32     0xc0ae7800

   \                                 In section .text, align 4, keep-with-next
   \                     ??DataTable2_14:
   \   00000000   0x40590000         DC32     0x40590000

   \                                 In section .text, align 4, keep-with-next
   \                     ??DataTable2_15:
   \   00000000   0x40668000         DC32     0x40668000

   \                                 In section .text, align 4, keep-with-next
   \                     ??DataTable2_16:
   \   00000000   0x........         DC32     light

   \                                 In section .text, align 4, keep-with-next
   \                     ??DataTable2_17:
   \   00000000   0x40AF4000         DC32     0x40af4000

   \                                 In section .text, align 4, keep-with-next
   \                     ??DataTable2_18:
   \   00000000   0x........         DC32     humidity

   \                                 In section .text, align 4, keep-with-next
   \                     ??DataTable2_19:
   \   00000000   0x57A786C2         DC32     0x57a786c2

   \                                 In section .text, align 4, keep-with-next
   \                     ??DataTable2_20:
   \   00000000   0x3FB432CA         DC32     0x3fb432ca

   \                                 In section .text, align 4, keep-with-next
   \                     ??DataTable2_21:
   \   00000000   0x........         DC32     ?_7

   \                                 In section .text, align 4, keep-with-next
   \                     ??DataTable2_22:
   \   00000000   0x........         DC32     temperature

   \                                 In section .text, align 4, keep-with-next
   \                     ??DataTable2_23:
   \   00000000   0x........         DC32     control_str

   \                                 In section .text, align 4, keep-with-next
   \                     ??DataTable2_24:
   \   00000000   0x40011008         DC32     0x40011008

   \                                 In section .text, align 4, keep-with-next
   \                     ??DataTable2_25:
   \   00000000   0x........         DC32     posY

   \                                 In section .text, align 4, keep-with-next
   \                     ??DataTable2_26:
   \   00000000   0x........         DC32     posX

   \                                 In section .rodata, align 4
   \                     ?_0:
   \   00000000   0x5B 0x20          DC8 "[ Smart Flowerpot ]"
   \              0x53 0x6D    
   \              0x61 0x72    
   \              0x74 0x20    
   \              0x46 0x6C    
   \              0x6F 0x77    
   \              0x65 0x72    
   \              0x70 0x6F    
   \              0x74 0x20    
   \              0x5D 0x00    

   \                                 In section .rodata, align 4
   \                     ?_1:
   \   00000000   0x4C 0x69          DC8 "Light:"
   \              0x67 0x68    
   \              0x74 0x3A    
   \              0x00         
   \   00000007   0x00               DC8 0

   \                                 In section .rodata, align 4
   \                     ?_2:
   \   00000000   0x54 0x65          DC8 "Temperature:"
   \              0x6D 0x70    
   \              0x65 0x72    
   \              0x61 0x74    
   \              0x75 0x72    
   \              0x65 0x3A    
   \              0x00         
   \   0000000D   0x00 0x00          DC8 0, 0, 0
   \              0x00         

   \                                 In section .rodata, align 4
   \                     ?_3:
   \   00000000   0x48 0x75          DC8 "Humidity:"
   \              0x6D 0x69    
   \              0x64 0x69    
   \              0x74 0x79    
   \              0x3A 0x00    
   \   0000000A   0x00 0x00          DC8 0, 0

   \                                 In section .rodata, align 4
   \   00000000   0x4C 0x45          DC8 "LED"
   \              0x44 0x00    

   \                                 In section .rodata, align 4
   \                     ?_5:
   \   00000000   0x57 0x69          DC8 "WindMotor"
   \              0x6E 0x64    
   \              0x4D 0x6F    
   \              0x74 0x6F    
   \              0x72 0x00    
   \   0000000A   0x00 0x00          DC8 0, 0

   \                                 In section .rodata, align 4
   \                     ?_6:
   \   00000000   0x57 0x61          DC8 "WaterPump"
   \              0x74 0x65    
   \              0x72 0x50    
   \              0x75 0x6D    
   \              0x70 0x00    
   \   0000000A   0x00 0x00          DC8 0, 0

   \                                 In section .rodata, align 4
   \                     ?_7:
   \   00000000   0x25 0x2E          DC8 "%.1f"
   \              0x31 0x66    
   \              0x00         
   \   00000005   0x00 0x00          DC8 0, 0, 0
   \              0x00         

   \                                 In section .rodata, align 4
   \                     ?_8:
   \   00000000   0x25 0x64          DC8 "%d %d %d\012"
   \              0x20 0x25    
   \              0x64 0x20    
   \              0x25 0x64    
   \              0x0A 0x00    
   \   0000000A   0x00 0x00          DC8 0, 0

   Maximum stack usage in bytes:

   .cstack Function
   ------- --------
       0   Delay
       8   Init
         8   -> LCD_Clear
         8   -> LCD_Init
         8   -> Touch_Adjust
         8   -> Touch_Configuration
         8   -> adc_dma_init
         8   -> led_init
         8   -> motor_init
         8   -> usart_init
         8   -> waterpump_init
      16   main
        16   -> Convert_Pos
        16   -> Delay
        16   -> Init
        16   -> LCD_DrawRectangle
        16   -> LCD_ShowNum
        16   -> LCD_ShowString
        16   -> SystemInit
        16   -> Touch_GetXY
        16   -> __aeabi_d2iz
        16   -> __aeabi_dadd
        16   -> __aeabi_ddiv
        16   -> __aeabi_dmul
        16   -> __aeabi_dsub
        16   -> __aeabi_f2d
        16   -> __aeabi_ui2d
        16   -> __aeabi_ui2f
        16   -> led_control
        16   -> printf
        16   -> sprintf


   Section sizes:

   Bytes  Function/Label
   -----  --------------
       4  ??DataTable2
       4  ??DataTable2_1
       4  ??DataTable2_10
       4  ??DataTable2_11
       4  ??DataTable2_12
       4  ??DataTable2_13
       4  ??DataTable2_14
       4  ??DataTable2_15
       4  ??DataTable2_16
       4  ??DataTable2_17
       4  ??DataTable2_18
       4  ??DataTable2_19
       4  ??DataTable2_2
       4  ??DataTable2_20
       4  ??DataTable2_21
       4  ??DataTable2_22
       4  ??DataTable2_23
       4  ??DataTable2_24
       4  ??DataTable2_25
       4  ??DataTable2_26
       4  ??DataTable2_3
       4  ??DataTable2_4
       4  ??DataTable2_5
       4  ??DataTable2_6
       4  ??DataTable2_7
       4  ??DataTable2_8
       4  ??DataTable2_9
      20  ?_0
       8  ?_1
      16  ?_2
      12  ?_3
       4  ?_4
      12  ?_5
      12  ?_6
       8  ?_7
      12  ?_8
      14  Delay
      44  Init
      48  color
       2  conX
       2  conY
      32  control_str
      12  control_values
       4  humidity
       4  light
     662  main
       2  posX
       2  posY
      12  temperature

 
  40 bytes in section .bss
  80 bytes in section .data
 104 bytes in section .rodata
 828 bytes in section .text
 
 828 bytes of CODE  memory
 104 bytes of CONST memory
 120 bytes of DATA  memory

Errors: none
Warnings: 10
